{"name": "Авторизация курьера с неверным паролем", "status": "failed", "statusDetails": {"message": "AssertionError: assert (404 == 404 and '{\"code\":404,\"message\":\"Учетная запись не найдена\"}' == {'message': 'Учетная запись не найдена'})\n +  where 404 = <Response [404]>.status_code\n +  and   '{\"code\":404,\"message\":\"Учетная запись не найдена\"}' = <Response [404]>.text", "trace": "self = <tests.TestLoginCourier object at 0x108d61890>, create_courier = ['fhapruikli', 'dnooqkobtc', 'zstrrjacds']\n\n    @allure.title('Авторизация курьера с неверным паролем')\n    def test_authorization_with_incorrect_password(self, create_courier):\n        new_courier = create_courier\n        courier_with_incorrect_pass = {\n            \"login\": new_courier[0],\n            \"password\": \"112233\",\n            \"firstName\": new_courier[2]\n        }\n        response = requests.post('https://qa-scooter.praktikum-services.ru/api/v1/courier/login',\n                                 data=courier_with_incorrect_pass)\n>       assert response.status_code == 404 and response.text == {\"message\": \"Учетная запись не найдена\"}\nE       assert (404 == 404 and '{\"code\":404,\"message\":\"Учетная запись не найдена\"}' == {'message': 'Учетная запись не найдена'})\nE        +  where 404 = <Response [404]>.status_code\nE        +  and   '{\"code\":404,\"message\":\"Учетная запись не найдена\"}' = <Response [404]>.text\n\ntests.py:113: AssertionError"}, "start": 1698865450405, "stop": 1698865450896, "uuid": "ea7177db-30d6-4958-b62d-8abbcbc198e2", "historyId": "ab2a9e1fd60e4be511bd539b9ec6ac4c", "testCaseId": "ab2a9e1fd60e4be511bd539b9ec6ac4c", "fullName": "tests.TestLoginCourier#test_authorization_with_incorrect_password", "labels": [{"name": "suite", "value": "tests"}, {"name": "subSuite", "value": "TestLoginCourier"}, {"name": "host", "value": "MacBook-Pro-Sabina.local"}, {"name": "thread", "value": "29447-MainThread"}, {"name": "framework", "value": "pytest"}, {"name": "language", "value": "cpython3"}, {"name": "package", "value": "tests"}]}